<?xml version="1.0" encoding="UTF-8"?>
<testsuite name="de.tomgrill.gdxtesting.CollegeTests" tests="1" skipped="0" failures="0" errors="0" timestamp="2022-03-25T11:46:43" hostname="ROSCOE-XPS" time="0.445">
  <properties/>
  <testcase name="testShip" classname="de.tomgrill.gdxtesting.CollegeTests" time="0.445"/>
  <system-out><![CDATA[]]></system-out>
  <system-err><![CDATA[]]></system-err>
</testsuite>
