<?xml version="1.0" encoding="UTF-8"?>
<testsuite name="de.tomgrill.gdxtesting.CollegeTests" tests="1" skipped="0" failures="0" errors="0" timestamp="2022-03-20T19:36:27" hostname="LAPTOP-FIPOM7QK" time="0.294">
  <properties/>
  <testcase name="testShip" classname="de.tomgrill.gdxtesting.CollegeTests" time="0.294"/>
  <system-out><![CDATA[]]></system-out>
  <system-err><![CDATA[]]></system-err>
</testsuite>
